#
# There is insufficient memory for the Java Runtime Environment to continue.
# Native memory allocation (mmap) failed to map 130023424 bytes for G1 virtual space
# Possible reasons:
#   The system is out of physical RAM or swap space
#   The process is running with CompressedOops enabled, and the Java Heap may be blocking the growth of the native heap
# Possible solutions:
#   Reduce memory load on the system
#   Increase physical memory or swap space
#   Check if swap backing store is full
#   Decrease Java heap size (-Xmx/-Xms)
#   Decrease number of Java threads
#   Decrease Java thread stack sizes (-Xss)
#   Set larger code cache with -XX:ReservedCodeCacheSize=
#   JVM is running with Unscaled Compressed Oops mode in which the Java heap is
#     placed in the first 4GB address space. The Java Heap base address is the
#     maximum limit for the native heap growth. Please use -XX:HeapBaseMinAddress
#     to set the Java Heap base and to place the Java Heap above 4GB virtual address.
# This output file may be truncated or incomplete.
#
#  Out of Memory Error (os_windows.cpp:3559), pid=28408, tid=12404
#
# JRE version:  (17.0.7+7) (build )
# Java VM: OpenJDK 64-Bit Server VM (17.0.7+7, mixed mode, sharing, tiered, compressed oops, compressed class ptrs, g1 gc, windows-amd64)
# No core dump will be written. Minidumps are not enabled by default on client versions of Windows
#

---------------  S U M M A R Y ------------

Command Line: -Dfile.encoding=UTF-8 -XX:+ShowCodeDetailsInExceptionMessages bankManagementSystem.Signup2

Host: 12th Gen Intel(R) Core(TM) i5-1235U, 12 cores, 7G,  Windows 11 , 64 bit Build 22621 (10.0.22621.3672)
Time: Sat Jul 13 17:17:40 2024 India Standard Time elapsed time: 0.009400 seconds (0d 0h 0m 0s)

---------------  T H R E A D  ---------------

Current thread (0x000001e121e3cca0):  JavaThread "Unknown thread" [_thread_in_vm, id=12404, stack(0x0000005eeaa00000,0x0000005eeab00000)]

Stack: [0x0000005eeaa00000,0x0000005eeab00000]
Native frames: (J=compiled Java code, j=interpreted, Vv=VM code, C=native code)
V  [jvm.dll+0x67754a]
V  [jvm.dll+0x834304]
V  [jvm.dll+0x835aae]
V  [jvm.dll+0x836113]
V  [jvm.dll+0x24696f]
V  [jvm.dll+0x6743f9]
V  [jvm.dll+0x668c8a]
V  [jvm.dll+0x3061bb]
V  [jvm.dll+0x30d6a6]
V  [jvm.dll+0x35cece]
V  [jvm.dll+0x35d0ff]
V  [jvm.dll+0x2dd048]
V  [jvm.dll+0x2ddfb4]
V  [jvm.dll+0x8066d1]
V  [jvm.dll+0x36ac91]
V  [jvm.dll+0x7e5cec]
V  [jvm.dll+0x3ed56f]
V  [jvm.dll+0x3ef0a1]
C  [jli.dll+0x528b]
C  [ucrtbase.dll+0x29333]
C  [KERNEL32.DLL+0x1257d]
C  [ntdll.dll+0x5af28]


---------------  P R O C E S S  ---------------

Threads class SMR info:
_java_thread_list=0x00007ff84bc37018, length=0, elements={
}

Java Threads: ( => current thread )

Other Threads:
  0x000001e121e9a2e0 GCTaskThread "GC Thread#0" [stack: 0x0000005eeab00000,0x0000005eeac00000] [id=10320]
  0x000001e121eaa720 ConcurrentGCThread "G1 Main Marker" [stack: 0x0000005eeac00000,0x0000005eead00000] [id=29292]
  0x000001e121eab030 ConcurrentGCThread "G1 Conc#0" [stack: 0x0000005eead00000,0x0000005eeae00000] [id=2208]

[error occurred during error reporting (printing all threads), id 0xc0000005, EXCEPTION_ACCESS_VIOLATION (0xc0000005) at pc=0x00007ff84b40daf7]

VM state: not at safepoint (not fully initialized)

VM Mutex/Monitor currently owned by a thread:  ([mutex/lock_event])
[0x000001e121e37810] Heap_lock - owner thread: 0x000001e121e3cca0

Heap address: 0x0000000085000000, size: 1968 MB, Compressed Oops mode: 32-bit

CDS archive(s) mapped at: [0x0000000000000000-0x0000000000000000-0x0000000000000000), size 0, SharedBaseAddress: 0x0000000800000000, ArchiveRelocationMode: 0.
Narrow klass base: 0x0000000000000000, Narrow klass shift: 0, Narrow klass range: 0x0

GC Precious Log:
<Empty>

Heap:
 garbage-first heap   total 0K, used 0K [0x0000000085000000, 0x0000000100000000)
  region size 1024K, 0 young (0K), 0 survivors (0K)

[error occurred during error reporting (printing heap information), id 0xc0000005, EXCEPTION_ACCESS_VIOLATION (0xc0000005) at pc=0x00007ff84b7f0db9]

GC Heap History (0 events):
No events

Dll operation events (1 events):
Event: 0.006 Loaded shared library C:\eclipse\plugins\org.eclipse.justj.openjdk.hotspot.jre.full.win32.x86_64_17.0.7.v20230425-1502\jre\bin\java.dll

Deoptimization events (0 events):
No events

Classes unloaded (0 events):
No events

Classes redefined (0 events):
No events

Internal exceptions (0 events):
No events

VM Operations (0 events):
No events

Events (0 events):
No events


Dynamic libraries:
0x00007ff620990000 - 0x00007ff62099e000 	C:\eclipse\plugins\org.eclipse.justj.openjdk.hotspot.jre.full.win32.x86_64_17.0.7.v20230425-1502\jre\bin\javaw.exe
0x00007ff8ce750000 - 0x00007ff8ce967000 	C:\WINDOWS\SYSTEM32\ntdll.dll
0x00007ff8cd0e0000 - 0x00007ff8cd1a4000 	C:\WINDOWS\System32\KERNEL32.DLL
0x00007ff8cbf10000 - 0x00007ff8cc2bd000 	C:\WINDOWS\System32\KERNELBASE.dll
0x00007ff8cbbe0000 - 0x00007ff8cbcf1000 	C:\WINDOWS\System32\ucrtbase.dll
0x00007ff89a9d0000 - 0x00007ff89a9e9000 	C:\eclipse\plugins\org.eclipse.justj.openjdk.hotspot.jre.full.win32.x86_64_17.0.7.v20230425-1502\jre\bin\VCRUNTIME140.dll
0x00007ff853f40000 - 0x00007ff853f57000 	C:\eclipse\plugins\org.eclipse.justj.openjdk.hotspot.jre.full.win32.x86_64_17.0.7.v20230425-1502\jre\bin\jli.dll
0x00007ff8ce440000 - 0x00007ff8ce5ee000 	C:\WINDOWS\System32\USER32.dll
0x00007ff8cba80000 - 0x00007ff8cbaa6000 	C:\WINDOWS\System32\win32u.dll
0x00007ff8cd0b0000 - 0x00007ff8cd0d9000 	C:\WINDOWS\System32\GDI32.dll
0x00007ff8a33b0000 - 0x00007ff8a3643000 	C:\WINDOWS\WinSxS\amd64_microsoft.windows.common-controls_6595b64144ccf1df_6.0.22621.3672_none_2713b9d173822955\COMCTL32.dll
0x00007ff8cc370000 - 0x00007ff8cc489000 	C:\WINDOWS\System32\gdi32full.dll
0x00007ff8cbd00000 - 0x00007ff8cbd9a000 	C:\WINDOWS\System32\msvcp_win.dll
0x00007ff8ccbe0000 - 0x00007ff8ccc87000 	C:\WINDOWS\System32\msvcrt.dll
0x00007ff8cd070000 - 0x00007ff8cd0a1000 	C:\WINDOWS\System32\IMM32.DLL
0x00007ff8bb410000 - 0x00007ff8bb41c000 	C:\eclipse\plugins\org.eclipse.justj.openjdk.hotspot.jre.full.win32.x86_64_17.0.7.v20230425-1502\jre\bin\vcruntime140_1.dll
0x00007ff887c10000 - 0x00007ff887ca1000 	C:\eclipse\plugins\org.eclipse.justj.openjdk.hotspot.jre.full.win32.x86_64_17.0.7.v20230425-1502\jre\bin\msvcp140.dll
0x00007ff84b120000 - 0x00007ff84bd68000 	C:\eclipse\plugins\org.eclipse.justj.openjdk.hotspot.jre.full.win32.x86_64_17.0.7.v20230425-1502\jre\bin\server\jvm.dll
0x00007ff8ccf00000 - 0x00007ff8ccfb2000 	C:\WINDOWS\System32\ADVAPI32.dll
0x00007ff8ccfc0000 - 0x00007ff8cd069000 	C:\WINDOWS\System32\sechost.dll
0x00007ff8cc340000 - 0x00007ff8cc368000 	C:\WINDOWS\System32\bcrypt.dll
0x00007ff8ce5f0000 - 0x00007ff8ce704000 	C:\WINDOWS\System32\RPCRT4.dll
0x00007ff8c6840000 - 0x00007ff8c6874000 	C:\WINDOWS\SYSTEM32\WINMM.dll
0x00007ff8b9260000 - 0x00007ff8b9269000 	C:\WINDOWS\SYSTEM32\WSOCK32.dll
0x00007ff8c1120000 - 0x00007ff8c112a000 	C:\WINDOWS\SYSTEM32\VERSION.dll
0x00007ff8ce3a0000 - 0x00007ff8ce411000 	C:\WINDOWS\System32\WS2_32.dll
0x00007ff8caa70000 - 0x00007ff8caa88000 	C:\WINDOWS\SYSTEM32\kernel.appcore.dll
0x00007ff8c5d80000 - 0x00007ff8c5d8a000 	C:\eclipse\plugins\org.eclipse.justj.openjdk.hotspot.jre.full.win32.x86_64_17.0.7.v20230425-1502\jre\bin\jimage.dll
0x00007ff8c9280000 - 0x00007ff8c94b2000 	C:\WINDOWS\SYSTEM32\DBGHELP.DLL
0x00007ff8cd4f0000 - 0x00007ff8cd878000 	C:\WINDOWS\System32\combase.dll
0x00007ff8ce2c0000 - 0x00007ff8ce397000 	C:\WINDOWS\System32\OLEAUT32.dll
0x00007ff8c6620000 - 0x00007ff8c6652000 	C:\WINDOWS\SYSTEM32\dbgcore.DLL
0x00007ff8cc2c0000 - 0x00007ff8cc33b000 	C:\WINDOWS\System32\bcryptPrimitives.dll
0x00007ff850290000 - 0x00007ff8502b5000 	C:\eclipse\plugins\org.eclipse.justj.openjdk.hotspot.jre.full.win32.x86_64_17.0.7.v20230425-1502\jre\bin\java.dll

dbghelp: loaded successfully - version: 4.0.5 - missing functions: none
symbol engine: initialized successfully - sym options: 0x614 - pdb path: .;C:\eclipse\plugins\org.eclipse.justj.openjdk.hotspot.jre.full.win32.x86_64_17.0.7.v20230425-1502\jre\bin;C:\WINDOWS\SYSTEM32;C:\WINDOWS\WinSxS\amd64_microsoft.windows.common-controls_6595b64144ccf1df_6.0.22621.3672_none_2713b9d173822955;C:\eclipse\plugins\org.eclipse.justj.openjdk.hotspot.jre.full.win32.x86_64_17.0.7.v20230425-1502\jre\bin\server

VM Arguments:
jvm_args: -Dfile.encoding=UTF-8 -XX:+ShowCodeDetailsInExceptionMessages 
java_command: bankManagementSystem.Signup2
java_class_path (initial): D:\BankProject\bankManagementSystem\bin;C:\Users\pawan\Downloads\jcalendar-tz-1.3.3-4.jar;C:\Users\pawan\Downloads\mysql-connector-java-8.0.28.jar
Launcher Type: SUN_STANDARD

[Global flags]
     intx CICompilerCount                          = 4                                         {product} {ergonomic}
     uint ConcGCThreads                            = 3                                         {product} {ergonomic}
     uint G1ConcRefinementThreads                  = 10                                        {product} {ergonomic}
   size_t G1HeapRegionSize                         = 1048576                                   {product} {ergonomic}
    uintx GCDrainStackTargetSize                   = 64                                        {product} {ergonomic}
   size_t InitialHeapSize                          = 130023424                                 {product} {ergonomic}
   size_t MarkStackSize                            = 4194304                                   {product} {ergonomic}
   size_t MaxHeapSize                              = 2063597568                                {product} {ergonomic}
   size_t MinHeapDeltaBytes                        = 1048576                                   {product} {ergonomic}
   size_t MinHeapSize                              = 8388608                                   {product} {ergonomic}
    uintx NonNMethodCodeHeapSize                   = 5839372                                {pd product} {ergonomic}
    uintx NonProfiledCodeHeapSize                  = 122909434                              {pd product} {ergonomic}
    uintx ProfiledCodeHeapSize                     = 122909434                              {pd product} {ergonomic}
    uintx ReservedCodeCacheSize                    = 251658240                              {pd product} {ergonomic}
     bool SegmentedCodeCache                       = true                                      {product} {ergonomic}
     bool ShowCodeDetailsInExceptionMessages       = true                                   {manageable} {command line}
   size_t SoftMaxHeapSize                          = 2063597568                             {manageable} {ergonomic}
     bool UseCompressedClassPointers               = true                           {product lp64_product} {ergonomic}
     bool UseCompressedOops                        = true                           {product lp64_product} {ergonomic}
     bool UseG1GC                                  = true                                      {product} {ergonomic}
     bool UseLargePagesIndividualAllocation        = false                                  {pd product} {ergonomic}

Logging:
Log output configuration:
 #0: stdout all=warning uptime,level,tags
 #1: stderr all=off uptime,level,tags

Environment Variables:
JAVA_HOME=C:\Program Files\Java\jdk-17
CLASSPATH=C:\Users\pawan\Downloads\WINDOWS.X64_193000_db_home\jdbc\lib\ojdbc8.jar;C:\Program Files\Apache Software Foundation\Tomcat 10.1\lib\servlet-api.jar;
PATH=C:/eclipse//plugins/org.eclipse.justj.openjdk.hotspot.jre.full.win32.x86_64_17.0.7.v20230425-1502/jre/bin/server;C:/eclipse//plugins/org.eclipse.justj.openjdk.hotspot.jre.full.win32.x86_64_17.0.7.v20230425-1502/jre/bin;C:\Program Files\Java\jdk-17\bin;C:\Users\pawan\Downloads\WINDOWS.X64_193000_db_home\bin;C:\Program Files\Apache Software Foundation\Tomcat 10.1\bin;C:\reactjs;C:\WINDOWS\system32;C:\WINDOWS;C:\WINDOWS\System32\Wbem;C:\WINDOWS\System32\WindowsPowerShell\v1.0\;C:\WINDOWS\System32\OpenSSH\;C:\Program Files\nodejs\;C:\Program Files\Git\cmd;C:\Users\pawan\.console-ninja\.bin;C:\Users\pawan\OneDrive\Desktop\Reactjs;C:\Program Files\Apache Software Foundation\Tomcat 10.1\lib\servlet-api.jar;C:\Program Files\Apache Software Foundation\Tomcat 9.0\lib\servlet-api.jar;D:\pawan\Microsoft VS Code\bin;C:\Users\pawan\OneDrive\Desktop\Reactjs;C:\Users\pawan\AppData\Roaming\npm;;C:\eclipse;
USERNAME=pawan
OS=Windows_NT
PROCESSOR_IDENTIFIER=Intel64 Family 6 Model 154 Stepping 4, GenuineIntel
TMP=C:\Users\pawan\AppData\Local\Temp
TEMP=C:\Users\pawan\AppData\Local\Temp



---------------  S Y S T E M  ---------------

OS:
 Windows 11 , 64 bit Build 22621 (10.0.22621.3672)
OS uptime: 2 days 4:08 hours
Hyper-V role detected

CPU: total 12 (initial active 12) (6 cores per cpu, 2 threads per core) family 6 model 154 stepping 4 microcode 0x42c, cx8, cmov, fxsr, ht, mmx, 3dnowpref, sse, sse2, sse3, ssse3, sse4.1, sse4.2, popcnt, lzcnt, tsc, tscinvbit, avx, avx2, aes, erms, clmul, bmi1, bmi2, adx, sha, fma, vzeroupper, clflush, clflushopt, clwb, hv

Memory: 4k page, system-wide physical 7867M (583M free)
TotalPageFile size 32443M (AvailPageFile size 22M)
current process WorkingSet (physical memory assigned to process): 11M, peak: 11M
current process commit charge ("private bytes"): 64M, peak: 188M

vm_info: OpenJDK 64-Bit Server VM (17.0.7+7) for windows-amd64 JRE (17.0.7+7), built on Apr 18 2023 22:10:42 by "temurin" with MS VC++ 16.7 (VS2019)

END.
